<?xml version="1.0" encoding="UTF-8"?>
<testsuite xmlns:xsi="http://www.w3.org/2001/XMLSchema-instance" xsi:noNamespaceSchemaLocation="https://maven.apache.org/surefire/maven-surefire-plugin/xsd/surefire-test-report.xsd" name="org.echoiot.CommonTest" time="7.539" tests="1" errors="0" skipped="0" failures="0">
  <properties>
    <property name="sun.desktop" value="windows"/>
    <property name="awt.toolkit" value="sun.awt.windows.WToolkit"/>
    <property name="file.encoding.pkg" value="sun.io"/>
    <property name="java.specification.version" value="1.8"/>
    <property name="sun.cpu.isalist" value="amd64"/>
    <property name="sun.jnu.encoding" value="GBK"/>
    <property name="java.class.path" value="C:\Users\Oringinal\Desktop\Web_Store_Management\target\test-classes;C:\Users\Oringinal\Desktop\Web_Store_Management\target\classes;D:\Maven\apache-maven-3.6.3\maven-repo\org\springframework\boot\spring-boot-starter-web\2.2.7.RELEASE\spring-boot-starter-web-2.2.7.RELEASE.jar;D:\Maven\apache-maven-3.6.3\maven-repo\org\springframework\boot\spring-boot-starter\2.2.7.RELEASE\spring-boot-starter-2.2.7.RELEASE.jar;D:\Maven\apache-maven-3.6.3\maven-repo\org\springframework\boot\spring-boot\2.2.7.RELEASE\spring-boot-2.2.7.RELEASE.jar;D:\Maven\apache-maven-3.6.3\maven-repo\org\springframework\boot\spring-boot-autoconfigure\2.2.7.RELEASE\spring-boot-autoconfigure-2.2.7.RELEASE.jar;D:\Maven\apache-maven-3.6.3\maven-repo\org\springframework\boot\spring-boot-starter-logging\2.2.7.RELEASE\spring-boot-starter-logging-2.2.7.RELEASE.jar;D:\Maven\apache-maven-3.6.3\maven-repo\ch\qos\logback\logback-classic\1.2.3\logback-classic-1.2.3.jar;D:\Maven\apache-maven-3.6.3\maven-repo\ch\qos\logback\logback-core\1.2.3\logback-core-1.2.3.jar;D:\Maven\apache-maven-3.6.3\maven-repo\org\apache\logging\log4j\log4j-to-slf4j\2.12.1\log4j-to-slf4j-2.12.1.jar;D:\Maven\apache-maven-3.6.3\maven-repo\org\apache\logging\log4j\log4j-api\2.12.1\log4j-api-2.12.1.jar;D:\Maven\apache-maven-3.6.3\maven-repo\org\slf4j\jul-to-slf4j\1.7.30\jul-to-slf4j-1.7.30.jar;D:\Maven\apache-maven-3.6.3\maven-repo\jakarta\annotation\jakarta.annotation-api\1.3.5\jakarta.annotation-api-1.3.5.jar;D:\Maven\apache-maven-3.6.3\maven-repo\org\yaml\snakeyaml\1.25\snakeyaml-1.25.jar;D:\Maven\apache-maven-3.6.3\maven-repo\org\springframework\boot\spring-boot-starter-json\2.2.7.RELEASE\spring-boot-starter-json-2.2.7.RELEASE.jar;D:\Maven\apache-maven-3.6.3\maven-repo\com\fasterxml\jackson\core\jackson-databind\2.10.4\jackson-databind-2.10.4.jar;D:\Maven\apache-maven-3.6.3\maven-repo\com\fasterxml\jackson\core\jackson-annotations\2.10.4\jackson-annotations-2.10.4.jar;D:\Maven\apache-maven-3.6.3\maven-repo\com\fasterxml\jackson\core\jackson-core\2.10.4\jackson-core-2.10.4.jar;D:\Maven\apache-maven-3.6.3\maven-repo\com\fasterxml\jackson\datatype\jackson-datatype-jdk8\2.10.4\jackson-datatype-jdk8-2.10.4.jar;D:\Maven\apache-maven-3.6.3\maven-repo\com\fasterxml\jackson\datatype\jackson-datatype-jsr310\2.10.4\jackson-datatype-jsr310-2.10.4.jar;D:\Maven\apache-maven-3.6.3\maven-repo\com\fasterxml\jackson\module\jackson-module-parameter-names\2.10.4\jackson-module-parameter-names-2.10.4.jar;D:\Maven\apache-maven-3.6.3\maven-repo\org\springframework\boot\spring-boot-starter-tomcat\2.2.7.RELEASE\spring-boot-starter-tomcat-2.2.7.RELEASE.jar;D:\Maven\apache-maven-3.6.3\maven-repo\org\apache\tomcat\embed\tomcat-embed-core\9.0.34\tomcat-embed-core-9.0.34.jar;D:\Maven\apache-maven-3.6.3\maven-repo\org\apache\tomcat\embed\tomcat-embed-el\9.0.34\tomcat-embed-el-9.0.34.jar;D:\Maven\apache-maven-3.6.3\maven-repo\org\apache\tomcat\embed\tomcat-embed-websocket\9.0.34\tomcat-embed-websocket-9.0.34.jar;D:\Maven\apache-maven-3.6.3\maven-repo\org\springframework\boot\spring-boot-starter-validation\2.2.7.RELEASE\spring-boot-starter-validation-2.2.7.RELEASE.jar;D:\Maven\apache-maven-3.6.3\maven-repo\jakarta\validation\jakarta.validation-api\2.0.2\jakarta.validation-api-2.0.2.jar;D:\Maven\apache-maven-3.6.3\maven-repo\org\hibernate\validator\hibernate-validator\6.0.19.Final\hibernate-validator-6.0.19.Final.jar;D:\Maven\apache-maven-3.6.3\maven-repo\org\jboss\logging\jboss-logging\3.4.1.Final\jboss-logging-3.4.1.Final.jar;D:\Maven\apache-maven-3.6.3\maven-repo\com\fasterxml\classmate\1.5.1\classmate-1.5.1.jar;D:\Maven\apache-maven-3.6.3\maven-repo\org\springframework\spring-web\5.2.6.RELEASE\spring-web-5.2.6.RELEASE.jar;D:\Maven\apache-maven-3.6.3\maven-repo\org\springframework\spring-beans\5.2.6.RELEASE\spring-beans-5.2.6.RELEASE.jar;D:\Maven\apache-maven-3.6.3\maven-repo\org\springframework\spring-webmvc\5.2.6.RELEASE\spring-webmvc-5.2.6.RELEASE.jar;D:\Maven\apache-maven-3.6.3\maven-repo\org\springframework\spring-context\5.2.6.RELEASE\spring-context-5.2.6.RELEASE.jar;D:\Maven\apache-maven-3.6.3\maven-repo\org\springframework\spring-expression\5.2.6.RELEASE\spring-expression-5.2.6.RELEASE.jar;D:\Maven\apache-maven-3.6.3\maven-repo\org\springframework\boot\spring-boot-starter-security\2.2.7.RELEASE\spring-boot-starter-security-2.2.7.RELEASE.jar;D:\Maven\apache-maven-3.6.3\maven-repo\org\springframework\spring-aop\5.2.6.RELEASE\spring-aop-5.2.6.RELEASE.jar;D:\Maven\apache-maven-3.6.3\maven-repo\org\springframework\security\spring-security-config\5.2.4.RELEASE\spring-security-config-5.2.4.RELEASE.jar;D:\Maven\apache-maven-3.6.3\maven-repo\org\springframework\security\spring-security-core\5.2.4.RELEASE\spring-security-core-5.2.4.RELEASE.jar;D:\Maven\apache-maven-3.6.3\maven-repo\org\springframework\security\spring-security-web\5.2.4.RELEASE\spring-security-web-5.2.4.RELEASE.jar;D:\Maven\apache-maven-3.6.3\maven-repo\org\springframework\boot\spring-boot-starter-aop\2.2.7.RELEASE\spring-boot-starter-aop-2.2.7.RELEASE.jar;D:\Maven\apache-maven-3.6.3\maven-repo\org\aspectj\aspectjweaver\1.9.5\aspectjweaver-1.9.5.jar;D:\Maven\apache-maven-3.6.3\maven-repo\org\springframework\boot\spring-boot-starter-test\2.2.7.RELEASE\spring-boot-starter-test-2.2.7.RELEASE.jar;D:\Maven\apache-maven-3.6.3\maven-repo\org\springframework\boot\spring-boot-test\2.2.7.RELEASE\spring-boot-test-2.2.7.RELEASE.jar;D:\Maven\apache-maven-3.6.3\maven-repo\org\springframework\boot\spring-boot-test-autoconfigure\2.2.7.RELEASE\spring-boot-test-autoconfigure-2.2.7.RELEASE.jar;D:\Maven\apache-maven-3.6.3\maven-repo\com\jayway\jsonpath\json-path\2.4.0\json-path-2.4.0.jar;D:\Maven\apache-maven-3.6.3\maven-repo\net\minidev\json-smart\2.3\json-smart-2.3.jar;D:\Maven\apache-maven-3.6.3\maven-repo\net\minidev\accessors-smart\1.2\accessors-smart-1.2.jar;D:\Maven\apache-maven-3.6.3\maven-repo\org\ow2\asm\asm\5.0.4\asm-5.0.4.jar;D:\Maven\apache-maven-3.6.3\maven-repo\org\slf4j\slf4j-api\1.7.30\slf4j-api-1.7.30.jar;D:\Maven\apache-maven-3.6.3\maven-repo\jakarta\xml\bind\jakarta.xml.bind-api\2.3.3\jakarta.xml.bind-api-2.3.3.jar;D:\Maven\apache-maven-3.6.3\maven-repo\jakarta\activation\jakarta.activation-api\1.2.2\jakarta.activation-api-1.2.2.jar;D:\Maven\apache-maven-3.6.3\maven-repo\org\junit\jupiter\junit-jupiter\5.5.2\junit-jupiter-5.5.2.jar;D:\Maven\apache-maven-3.6.3\maven-repo\org\junit\jupiter\junit-jupiter-api\5.5.2\junit-jupiter-api-5.5.2.jar;D:\Maven\apache-maven-3.6.3\maven-repo\org\opentest4j\opentest4j\1.2.0\opentest4j-1.2.0.jar;D:\Maven\apache-maven-3.6.3\maven-repo\org\junit\platform\junit-platform-commons\1.5.2\junit-platform-commons-1.5.2.jar;D:\Maven\apache-maven-3.6.3\maven-repo\org\junit\jupiter\junit-jupiter-params\5.5.2\junit-jupiter-params-5.5.2.jar;D:\Maven\apache-maven-3.6.3\maven-repo\org\junit\jupiter\junit-jupiter-engine\5.5.2\junit-jupiter-engine-5.5.2.jar;D:\Maven\apache-maven-3.6.3\maven-repo\org\junit\vintage\junit-vintage-engine\5.5.2\junit-vintage-engine-5.5.2.jar;D:\Maven\apache-maven-3.6.3\maven-repo\org\apiguardian\apiguardian-api\1.1.0\apiguardian-api-1.1.0.jar;D:\Maven\apache-maven-3.6.3\maven-repo\org\junit\platform\junit-platform-engine\1.5.2\junit-platform-engine-1.5.2.jar;D:\Maven\apache-maven-3.6.3\maven-repo\org\mockito\mockito-junit-jupiter\3.1.0\mockito-junit-jupiter-3.1.0.jar;D:\Maven\apache-maven-3.6.3\maven-repo\org\assertj\assertj-core\3.13.2\assertj-core-3.13.2.jar;D:\Maven\apache-maven-3.6.3\maven-repo\org\hamcrest\hamcrest\2.1\hamcrest-2.1.jar;D:\Maven\apache-maven-3.6.3\maven-repo\org\mockito\mockito-core\3.1.0\mockito-core-3.1.0.jar;D:\Maven\apache-maven-3.6.3\maven-repo\net\bytebuddy\byte-buddy\1.10.10\byte-buddy-1.10.10.jar;D:\Maven\apache-maven-3.6.3\maven-repo\net\bytebuddy\byte-buddy-agent\1.10.10\byte-buddy-agent-1.10.10.jar;D:\Maven\apache-maven-3.6.3\maven-repo\org\objenesis\objenesis\2.6\objenesis-2.6.jar;D:\Maven\apache-maven-3.6.3\maven-repo\org\skyscreamer\jsonassert\1.5.0\jsonassert-1.5.0.jar;D:\Maven\apache-maven-3.6.3\maven-repo\com\vaadin\external\google\android-json\0.0.20131108.vaadin1\android-json-0.0.20131108.vaadin1.jar;D:\Maven\apache-maven-3.6.3\maven-repo\org\springframework\spring-core\5.2.6.RELEASE\spring-core-5.2.6.RELEASE.jar;D:\Maven\apache-maven-3.6.3\maven-repo\org\springframework\spring-jcl\5.2.6.RELEASE\spring-jcl-5.2.6.RELEASE.jar;D:\Maven\apache-maven-3.6.3\maven-repo\org\springframework\spring-test\5.2.6.RELEASE\spring-test-5.2.6.RELEASE.jar;D:\Maven\apache-maven-3.6.3\maven-repo\org\xmlunit\xmlunit-core\2.6.4\xmlunit-core-2.6.4.jar;D:\Maven\apache-maven-3.6.3\maven-repo\junit\junit\4.12\junit-4.12.jar;D:\Maven\apache-maven-3.6.3\maven-repo\org\hamcrest\hamcrest-core\2.1\hamcrest-core-2.1.jar;D:\Maven\apache-maven-3.6.3\maven-repo\mysql\mysql-connector-java\8.0.16\mysql-connector-java-8.0.16.jar;D:\Maven\apache-maven-3.6.3\maven-repo\com\alibaba\druid\1.1.16\druid-1.1.16.jar;D:\Maven\apache-maven-3.6.3\maven-repo\org\mybatis\spring\boot\mybatis-spring-boot-starter\2.1.2\mybatis-spring-boot-starter-2.1.2.jar;D:\Maven\apache-maven-3.6.3\maven-repo\org\springframework\boot\spring-boot-starter-jdbc\2.2.7.RELEASE\spring-boot-starter-jdbc-2.2.7.RELEASE.jar;D:\Maven\apache-maven-3.6.3\maven-repo\com\zaxxer\HikariCP\3.4.3\HikariCP-3.4.3.jar;D:\Maven\apache-maven-3.6.3\maven-repo\org\springframework\spring-jdbc\5.2.6.RELEASE\spring-jdbc-5.2.6.RELEASE.jar;D:\Maven\apache-maven-3.6.3\maven-repo\org\mybatis\spring\boot\mybatis-spring-boot-autoconfigure\2.1.2\mybatis-spring-boot-autoconfigure-2.1.2.jar;D:\Maven\apache-maven-3.6.3\maven-repo\org\mybatis\mybatis\3.5.4\mybatis-3.5.4.jar;D:\Maven\apache-maven-3.6.3\maven-repo\org\mybatis\mybatis-spring\2.0.4\mybatis-spring-2.0.4.jar;D:\Maven\apache-maven-3.6.3\maven-repo\com\github\pagehelper\pagehelper-spring-boot-starter\1.3.0\pagehelper-spring-boot-starter-1.3.0.jar;D:\Maven\apache-maven-3.6.3\maven-repo\com\github\pagehelper\pagehelper-spring-boot-autoconfigure\1.3.0\pagehelper-spring-boot-autoconfigure-1.3.0.jar;D:\Maven\apache-maven-3.6.3\maven-repo\com\github\pagehelper\pagehelper\5.2.0\pagehelper-5.2.0.jar;D:\Maven\apache-maven-3.6.3\maven-repo\com\github\jsqlparser\jsqlparser\3.2\jsqlparser-3.2.jar;D:\Maven\apache-maven-3.6.3\maven-repo\log4j\log4j\1.2.17\log4j-1.2.17.jar;D:\Maven\apache-maven-3.6.3\maven-repo\org\projectlombok\lombok\1.16.18\lombok-1.16.18.jar;D:\Maven\apache-maven-3.6.3\maven-repo\org\springframework\boot\spring-boot-configuration-processor\2.2.7.RELEASE\spring-boot-configuration-processor-2.2.7.RELEASE.jar;D:\Maven\apache-maven-3.6.3\maven-repo\org\apache\commons\commons-lang3\3.9\commons-lang3-3.9.jar;D:\Maven\apache-maven-3.6.3\maven-repo\org\springframework\boot\spring-boot-starter-data-redis\2.2.7.RELEASE\spring-boot-starter-data-redis-2.2.7.RELEASE.jar;D:\Maven\apache-maven-3.6.3\maven-repo\org\springframework\data\spring-data-redis\2.2.7.RELEASE\spring-data-redis-2.2.7.RELEASE.jar;D:\Maven\apache-maven-3.6.3\maven-repo\org\springframework\data\spring-data-keyvalue\2.2.7.RELEASE\spring-data-keyvalue-2.2.7.RELEASE.jar;D:\Maven\apache-maven-3.6.3\maven-repo\org\springframework\data\spring-data-commons\2.2.7.RELEASE\spring-data-commons-2.2.7.RELEASE.jar;D:\Maven\apache-maven-3.6.3\maven-repo\org\springframework\spring-tx\5.2.6.RELEASE\spring-tx-5.2.6.RELEASE.jar;D:\Maven\apache-maven-3.6.3\maven-repo\org\springframework\spring-oxm\5.2.6.RELEASE\spring-oxm-5.2.6.RELEASE.jar;D:\Maven\apache-maven-3.6.3\maven-repo\org\springframework\spring-context-support\5.2.6.RELEASE\spring-context-support-5.2.6.RELEASE.jar;D:\Maven\apache-maven-3.6.3\maven-repo\io\lettuce\lettuce-core\5.2.2.RELEASE\lettuce-core-5.2.2.RELEASE.jar;D:\Maven\apache-maven-3.6.3\maven-repo\io\netty\netty-common\4.1.49.Final\netty-common-4.1.49.Final.jar;D:\Maven\apache-maven-3.6.3\maven-repo\io\netty\netty-handler\4.1.49.Final\netty-handler-4.1.49.Final.jar;D:\Maven\apache-maven-3.6.3\maven-repo\io\netty\netty-resolver\4.1.49.Final\netty-resolver-4.1.49.Final.jar;D:\Maven\apache-maven-3.6.3\maven-repo\io\netty\netty-buffer\4.1.49.Final\netty-buffer-4.1.49.Final.jar;D:\Maven\apache-maven-3.6.3\maven-repo\io\netty\netty-codec\4.1.49.Final\netty-codec-4.1.49.Final.jar;D:\Maven\apache-maven-3.6.3\maven-repo\io\netty\netty-transport\4.1.49.Final\netty-transport-4.1.49.Final.jar;D:\Maven\apache-maven-3.6.3\maven-repo\io\projectreactor\reactor-core\3.3.5.RELEASE\reactor-core-3.3.5.RELEASE.jar;D:\Maven\apache-maven-3.6.3\maven-repo\org\reactivestreams\reactive-streams\1.0.3\reactive-streams-1.0.3.jar;"/>
    <property name="java.vm.vendor" value="Oracle Corporation"/>
    <property name="sun.arch.data.model" value="64"/>
    <property name="user.variant" value=""/>
    <property name="java.vendor.url" value="http://java.oracle.com/"/>
    <property name="user.timezone" value="Asia/Shanghai"/>
    <property name="java.vm.specification.version" value="1.8"/>
    <property name="os.name" value="Windows 10"/>
    <property name="user.country" value="CN"/>
    <property name="sun.java.launcher" value="SUN_STANDARD"/>
    <property name="sun.boot.library.path" value="D:\JDK1.8\jre\bin"/>
    <property name="sun.java.command" value="C:\Users\Oringinal\AppData\Local\Temp\surefire9003650269666881202\surefirebooter7117125338562498275.jar C:\Users\Oringinal\AppData\Local\Temp\surefire9003650269666881202 2021-04-13T17-26-13_858-jvmRun1 surefire5679511976071333564tmp surefire_04001393128381885549tmp"/>
    <property name="surefire.test.class.path" value="C:\Users\Oringinal\Desktop\Web_Store_Management\target\test-classes;C:\Users\Oringinal\Desktop\Web_Store_Management\target\classes;D:\Maven\apache-maven-3.6.3\maven-repo\org\springframework\boot\spring-boot-starter-web\2.2.7.RELEASE\spring-boot-starter-web-2.2.7.RELEASE.jar;D:\Maven\apache-maven-3.6.3\maven-repo\org\springframework\boot\spring-boot-starter\2.2.7.RELEASE\spring-boot-starter-2.2.7.RELEASE.jar;D:\Maven\apache-maven-3.6.3\maven-repo\org\springframework\boot\spring-boot\2.2.7.RELEASE\spring-boot-2.2.7.RELEASE.jar;D:\Maven\apache-maven-3.6.3\maven-repo\org\springframework\boot\spring-boot-autoconfigure\2.2.7.RELEASE\spring-boot-autoconfigure-2.2.7.RELEASE.jar;D:\Maven\apache-maven-3.6.3\maven-repo\org\springframework\boot\spring-boot-starter-logging\2.2.7.RELEASE\spring-boot-starter-logging-2.2.7.RELEASE.jar;D:\Maven\apache-maven-3.6.3\maven-repo\ch\qos\logback\logback-classic\1.2.3\logback-classic-1.2.3.jar;D:\Maven\apache-maven-3.6.3\maven-repo\ch\qos\logback\logback-core\1.2.3\logback-core-1.2.3.jar;D:\Maven\apache-maven-3.6.3\maven-repo\org\apache\logging\log4j\log4j-to-slf4j\2.12.1\log4j-to-slf4j-2.12.1.jar;D:\Maven\apache-maven-3.6.3\maven-repo\org\apache\logging\log4j\log4j-api\2.12.1\log4j-api-2.12.1.jar;D:\Maven\apache-maven-3.6.3\maven-repo\org\slf4j\jul-to-slf4j\1.7.30\jul-to-slf4j-1.7.30.jar;D:\Maven\apache-maven-3.6.3\maven-repo\jakarta\annotation\jakarta.annotation-api\1.3.5\jakarta.annotation-api-1.3.5.jar;D:\Maven\apache-maven-3.6.3\maven-repo\org\yaml\snakeyaml\1.25\snakeyaml-1.25.jar;D:\Maven\apache-maven-3.6.3\maven-repo\org\springframework\boot\spring-boot-starter-json\2.2.7.RELEASE\spring-boot-starter-json-2.2.7.RELEASE.jar;D:\Maven\apache-maven-3.6.3\maven-repo\com\fasterxml\jackson\core\jackson-databind\2.10.4\jackson-databind-2.10.4.jar;D:\Maven\apache-maven-3.6.3\maven-repo\com\fasterxml\jackson\core\jackson-annotations\2.10.4\jackson-annotations-2.10.4.jar;D:\Maven\apache-maven-3.6.3\maven-repo\com\fasterxml\jackson\core\jackson-core\2.10.4\jackson-core-2.10.4.jar;D:\Maven\apache-maven-3.6.3\maven-repo\com\fasterxml\jackson\datatype\jackson-datatype-jdk8\2.10.4\jackson-datatype-jdk8-2.10.4.jar;D:\Maven\apache-maven-3.6.3\maven-repo\com\fasterxml\jackson\datatype\jackson-datatype-jsr310\2.10.4\jackson-datatype-jsr310-2.10.4.jar;D:\Maven\apache-maven-3.6.3\maven-repo\com\fasterxml\jackson\module\jackson-module-parameter-names\2.10.4\jackson-module-parameter-names-2.10.4.jar;D:\Maven\apache-maven-3.6.3\maven-repo\org\springframework\boot\spring-boot-starter-tomcat\2.2.7.RELEASE\spring-boot-starter-tomcat-2.2.7.RELEASE.jar;D:\Maven\apache-maven-3.6.3\maven-repo\org\apache\tomcat\embed\tomcat-embed-core\9.0.34\tomcat-embed-core-9.0.34.jar;D:\Maven\apache-maven-3.6.3\maven-repo\org\apache\tomcat\embed\tomcat-embed-el\9.0.34\tomcat-embed-el-9.0.34.jar;D:\Maven\apache-maven-3.6.3\maven-repo\org\apache\tomcat\embed\tomcat-embed-websocket\9.0.34\tomcat-embed-websocket-9.0.34.jar;D:\Maven\apache-maven-3.6.3\maven-repo\org\springframework\boot\spring-boot-starter-validation\2.2.7.RELEASE\spring-boot-starter-validation-2.2.7.RELEASE.jar;D:\Maven\apache-maven-3.6.3\maven-repo\jakarta\validation\jakarta.validation-api\2.0.2\jakarta.validation-api-2.0.2.jar;D:\Maven\apache-maven-3.6.3\maven-repo\org\hibernate\validator\hibernate-validator\6.0.19.Final\hibernate-validator-6.0.19.Final.jar;D:\Maven\apache-maven-3.6.3\maven-repo\org\jboss\logging\jboss-logging\3.4.1.Final\jboss-logging-3.4.1.Final.jar;D:\Maven\apache-maven-3.6.3\maven-repo\com\fasterxml\classmate\1.5.1\classmate-1.5.1.jar;D:\Maven\apache-maven-3.6.3\maven-repo\org\springframework\spring-web\5.2.6.RELEASE\spring-web-5.2.6.RELEASE.jar;D:\Maven\apache-maven-3.6.3\maven-repo\org\springframework\spring-beans\5.2.6.RELEASE\spring-beans-5.2.6.RELEASE.jar;D:\Maven\apache-maven-3.6.3\maven-repo\org\springframework\spring-webmvc\5.2.6.RELEASE\spring-webmvc-5.2.6.RELEASE.jar;D:\Maven\apache-maven-3.6.3\maven-repo\org\springframework\spring-context\5.2.6.RELEASE\spring-context-5.2.6.RELEASE.jar;D:\Maven\apache-maven-3.6.3\maven-repo\org\springframework\spring-expression\5.2.6.RELEASE\spring-expression-5.2.6.RELEASE.jar;D:\Maven\apache-maven-3.6.3\maven-repo\org\springframework\boot\spring-boot-starter-security\2.2.7.RELEASE\spring-boot-starter-security-2.2.7.RELEASE.jar;D:\Maven\apache-maven-3.6.3\maven-repo\org\springframework\spring-aop\5.2.6.RELEASE\spring-aop-5.2.6.RELEASE.jar;D:\Maven\apache-maven-3.6.3\maven-repo\org\springframework\security\spring-security-config\5.2.4.RELEASE\spring-security-config-5.2.4.RELEASE.jar;D:\Maven\apache-maven-3.6.3\maven-repo\org\springframework\security\spring-security-core\5.2.4.RELEASE\spring-security-core-5.2.4.RELEASE.jar;D:\Maven\apache-maven-3.6.3\maven-repo\org\springframework\security\spring-security-web\5.2.4.RELEASE\spring-security-web-5.2.4.RELEASE.jar;D:\Maven\apache-maven-3.6.3\maven-repo\org\springframework\boot\spring-boot-starter-aop\2.2.7.RELEASE\spring-boot-starter-aop-2.2.7.RELEASE.jar;D:\Maven\apache-maven-3.6.3\maven-repo\org\aspectj\aspectjweaver\1.9.5\aspectjweaver-1.9.5.jar;D:\Maven\apache-maven-3.6.3\maven-repo\org\springframework\boot\spring-boot-starter-test\2.2.7.RELEASE\spring-boot-starter-test-2.2.7.RELEASE.jar;D:\Maven\apache-maven-3.6.3\maven-repo\org\springframework\boot\spring-boot-test\2.2.7.RELEASE\spring-boot-test-2.2.7.RELEASE.jar;D:\Maven\apache-maven-3.6.3\maven-repo\org\springframework\boot\spring-boot-test-autoconfigure\2.2.7.RELEASE\spring-boot-test-autoconfigure-2.2.7.RELEASE.jar;D:\Maven\apache-maven-3.6.3\maven-repo\com\jayway\jsonpath\json-path\2.4.0\json-path-2.4.0.jar;D:\Maven\apache-maven-3.6.3\maven-repo\net\minidev\json-smart\2.3\json-smart-2.3.jar;D:\Maven\apache-maven-3.6.3\maven-repo\net\minidev\accessors-smart\1.2\accessors-smart-1.2.jar;D:\Maven\apache-maven-3.6.3\maven-repo\org\ow2\asm\asm\5.0.4\asm-5.0.4.jar;D:\Maven\apache-maven-3.6.3\maven-repo\org\slf4j\slf4j-api\1.7.30\slf4j-api-1.7.30.jar;D:\Maven\apache-maven-3.6.3\maven-repo\jakarta\xml\bind\jakarta.xml.bind-api\2.3.3\jakarta.xml.bind-api-2.3.3.jar;D:\Maven\apache-maven-3.6.3\maven-repo\jakarta\activation\jakarta.activation-api\1.2.2\jakarta.activation-api-1.2.2.jar;D:\Maven\apache-maven-3.6.3\maven-repo\org\junit\jupiter\junit-jupiter\5.5.2\junit-jupiter-5.5.2.jar;D:\Maven\apache-maven-3.6.3\maven-repo\org\junit\jupiter\junit-jupiter-api\5.5.2\junit-jupiter-api-5.5.2.jar;D:\Maven\apache-maven-3.6.3\maven-repo\org\opentest4j\opentest4j\1.2.0\opentest4j-1.2.0.jar;D:\Maven\apache-maven-3.6.3\maven-repo\org\junit\platform\junit-platform-commons\1.5.2\junit-platform-commons-1.5.2.jar;D:\Maven\apache-maven-3.6.3\maven-repo\org\junit\jupiter\junit-jupiter-params\5.5.2\junit-jupiter-params-5.5.2.jar;D:\Maven\apache-maven-3.6.3\maven-repo\org\junit\jupiter\junit-jupiter-engine\5.5.2\junit-jupiter-engine-5.5.2.jar;D:\Maven\apache-maven-3.6.3\maven-repo\org\junit\vintage\junit-vintage-engine\5.5.2\junit-vintage-engine-5.5.2.jar;D:\Maven\apache-maven-3.6.3\maven-repo\org\apiguardian\apiguardian-api\1.1.0\apiguardian-api-1.1.0.jar;D:\Maven\apache-maven-3.6.3\maven-repo\org\junit\platform\junit-platform-engine\1.5.2\junit-platform-engine-1.5.2.jar;D:\Maven\apache-maven-3.6.3\maven-repo\org\mockito\mockito-junit-jupiter\3.1.0\mockito-junit-jupiter-3.1.0.jar;D:\Maven\apache-maven-3.6.3\maven-repo\org\assertj\assertj-core\3.13.2\assertj-core-3.13.2.jar;D:\Maven\apache-maven-3.6.3\maven-repo\org\hamcrest\hamcrest\2.1\hamcrest-2.1.jar;D:\Maven\apache-maven-3.6.3\maven-repo\org\mockito\mockito-core\3.1.0\mockito-core-3.1.0.jar;D:\Maven\apache-maven-3.6.3\maven-repo\net\bytebuddy\byte-buddy\1.10.10\byte-buddy-1.10.10.jar;D:\Maven\apache-maven-3.6.3\maven-repo\net\bytebuddy\byte-buddy-agent\1.10.10\byte-buddy-agent-1.10.10.jar;D:\Maven\apache-maven-3.6.3\maven-repo\org\objenesis\objenesis\2.6\objenesis-2.6.jar;D:\Maven\apache-maven-3.6.3\maven-repo\org\skyscreamer\jsonassert\1.5.0\jsonassert-1.5.0.jar;D:\Maven\apache-maven-3.6.3\maven-repo\com\vaadin\external\google\android-json\0.0.20131108.vaadin1\android-json-0.0.20131108.vaadin1.jar;D:\Maven\apache-maven-3.6.3\maven-repo\org\springframework\spring-core\5.2.6.RELEASE\spring-core-5.2.6.RELEASE.jar;D:\Maven\apache-maven-3.6.3\maven-repo\org\springframework\spring-jcl\5.2.6.RELEASE\spring-jcl-5.2.6.RELEASE.jar;D:\Maven\apache-maven-3.6.3\maven-repo\org\springframework\spring-test\5.2.6.RELEASE\spring-test-5.2.6.RELEASE.jar;D:\Maven\apache-maven-3.6.3\maven-repo\org\xmlunit\xmlunit-core\2.6.4\xmlunit-core-2.6.4.jar;D:\Maven\apache-maven-3.6.3\maven-repo\junit\junit\4.12\junit-4.12.jar;D:\Maven\apache-maven-3.6.3\maven-repo\org\hamcrest\hamcrest-core\2.1\hamcrest-core-2.1.jar;D:\Maven\apache-maven-3.6.3\maven-repo\mysql\mysql-connector-java\8.0.16\mysql-connector-java-8.0.16.jar;D:\Maven\apache-maven-3.6.3\maven-repo\com\alibaba\druid\1.1.16\druid-1.1.16.jar;D:\Maven\apache-maven-3.6.3\maven-repo\org\mybatis\spring\boot\mybatis-spring-boot-starter\2.1.2\mybatis-spring-boot-starter-2.1.2.jar;D:\Maven\apache-maven-3.6.3\maven-repo\org\springframework\boot\spring-boot-starter-jdbc\2.2.7.RELEASE\spring-boot-starter-jdbc-2.2.7.RELEASE.jar;D:\Maven\apache-maven-3.6.3\maven-repo\com\zaxxer\HikariCP\3.4.3\HikariCP-3.4.3.jar;D:\Maven\apache-maven-3.6.3\maven-repo\org\springframework\spring-jdbc\5.2.6.RELEASE\spring-jdbc-5.2.6.RELEASE.jar;D:\Maven\apache-maven-3.6.3\maven-repo\org\mybatis\spring\boot\mybatis-spring-boot-autoconfigure\2.1.2\mybatis-spring-boot-autoconfigure-2.1.2.jar;D:\Maven\apache-maven-3.6.3\maven-repo\org\mybatis\mybatis\3.5.4\mybatis-3.5.4.jar;D:\Maven\apache-maven-3.6.3\maven-repo\org\mybatis\mybatis-spring\2.0.4\mybatis-spring-2.0.4.jar;D:\Maven\apache-maven-3.6.3\maven-repo\com\github\pagehelper\pagehelper-spring-boot-starter\1.3.0\pagehelper-spring-boot-starter-1.3.0.jar;D:\Maven\apache-maven-3.6.3\maven-repo\com\github\pagehelper\pagehelper-spring-boot-autoconfigure\1.3.0\pagehelper-spring-boot-autoconfigure-1.3.0.jar;D:\Maven\apache-maven-3.6.3\maven-repo\com\github\pagehelper\pagehelper\5.2.0\pagehelper-5.2.0.jar;D:\Maven\apache-maven-3.6.3\maven-repo\com\github\jsqlparser\jsqlparser\3.2\jsqlparser-3.2.jar;D:\Maven\apache-maven-3.6.3\maven-repo\log4j\log4j\1.2.17\log4j-1.2.17.jar;D:\Maven\apache-maven-3.6.3\maven-repo\org\projectlombok\lombok\1.16.18\lombok-1.16.18.jar;D:\Maven\apache-maven-3.6.3\maven-repo\org\springframework\boot\spring-boot-configuration-processor\2.2.7.RELEASE\spring-boot-configuration-processor-2.2.7.RELEASE.jar;D:\Maven\apache-maven-3.6.3\maven-repo\org\apache\commons\commons-lang3\3.9\commons-lang3-3.9.jar;D:\Maven\apache-maven-3.6.3\maven-repo\org\springframework\boot\spring-boot-starter-data-redis\2.2.7.RELEASE\spring-boot-starter-data-redis-2.2.7.RELEASE.jar;D:\Maven\apache-maven-3.6.3\maven-repo\org\springframework\data\spring-data-redis\2.2.7.RELEASE\spring-data-redis-2.2.7.RELEASE.jar;D:\Maven\apache-maven-3.6.3\maven-repo\org\springframework\data\spring-data-keyvalue\2.2.7.RELEASE\spring-data-keyvalue-2.2.7.RELEASE.jar;D:\Maven\apache-maven-3.6.3\maven-repo\org\springframework\data\spring-data-commons\2.2.7.RELEASE\spring-data-commons-2.2.7.RELEASE.jar;D:\Maven\apache-maven-3.6.3\maven-repo\org\springframework\spring-tx\5.2.6.RELEASE\spring-tx-5.2.6.RELEASE.jar;D:\Maven\apache-maven-3.6.3\maven-repo\org\springframework\spring-oxm\5.2.6.RELEASE\spring-oxm-5.2.6.RELEASE.jar;D:\Maven\apache-maven-3.6.3\maven-repo\org\springframework\spring-context-support\5.2.6.RELEASE\spring-context-support-5.2.6.RELEASE.jar;D:\Maven\apache-maven-3.6.3\maven-repo\io\lettuce\lettuce-core\5.2.2.RELEASE\lettuce-core-5.2.2.RELEASE.jar;D:\Maven\apache-maven-3.6.3\maven-repo\io\netty\netty-common\4.1.49.Final\netty-common-4.1.49.Final.jar;D:\Maven\apache-maven-3.6.3\maven-repo\io\netty\netty-handler\4.1.49.Final\netty-handler-4.1.49.Final.jar;D:\Maven\apache-maven-3.6.3\maven-repo\io\netty\netty-resolver\4.1.49.Final\netty-resolver-4.1.49.Final.jar;D:\Maven\apache-maven-3.6.3\maven-repo\io\netty\netty-buffer\4.1.49.Final\netty-buffer-4.1.49.Final.jar;D:\Maven\apache-maven-3.6.3\maven-repo\io\netty\netty-codec\4.1.49.Final\netty-codec-4.1.49.Final.jar;D:\Maven\apache-maven-3.6.3\maven-repo\io\netty\netty-transport\4.1.49.Final\netty-transport-4.1.49.Final.jar;D:\Maven\apache-maven-3.6.3\maven-repo\io\projectreactor\reactor-core\3.3.5.RELEASE\reactor-core-3.3.5.RELEASE.jar;D:\Maven\apache-maven-3.6.3\maven-repo\org\reactivestreams\reactive-streams\1.0.3\reactive-streams-1.0.3.jar;"/>
    <property name="sun.cpu.endian" value="little"/>
    <property name="user.home" value="C:\Users\Oringinal"/>
    <property name="user.language" value="zh"/>
    <property name="java.specification.vendor" value="Oracle Corporation"/>
    <property name="java.home" value="D:\JDK1.8\jre"/>
    <property name="basedir" value="C:\Users\Oringinal\Desktop\Web_Store_Management"/>
    <property name="file.separator" value="\"/>
    <property name="line.separator" value="&#10;"/>
    <property name="java.vm.specification.vendor" value="Oracle Corporation"/>
    <property name="java.specification.name" value="Java Platform API Specification"/>
    <property name="java.awt.graphicsenv" value="sun.awt.Win32GraphicsEnvironment"/>
    <property name="surefire.real.class.path" value="C:\Users\Oringinal\AppData\Local\Temp\surefire9003650269666881202\surefirebooter7117125338562498275.jar"/>
    <property name="sun.boot.class.path" value="D:\JDK1.8\jre\lib\resources.jar;D:\JDK1.8\jre\lib\rt.jar;D:\JDK1.8\jre\lib\sunrsasign.jar;D:\JDK1.8\jre\lib\jsse.jar;D:\JDK1.8\jre\lib\jce.jar;D:\JDK1.8\jre\lib\charsets.jar;D:\JDK1.8\jre\lib\jfr.jar;D:\JDK1.8\jre\classes"/>
    <property name="user.script" value=""/>
    <property name="sun.management.compiler" value="HotSpot 64-Bit Tiered Compilers"/>
    <property name="java.runtime.version" value="1.8.0_251-b08"/>
    <property name="user.name" value="Oringinal"/>
    <property name="path.separator" value=";"/>
    <property name="os.version" value="10.0"/>
    <property name="java.endorsed.dirs" value="D:\JDK1.8\jre\lib\endorsed"/>
    <property name="java.runtime.name" value="Java(TM) SE Runtime Environment"/>
    <property name="file.encoding" value="GBK"/>
    <property name="java.vm.name" value="Java HotSpot(TM) 64-Bit Server VM"/>
    <property name="localRepository" value="D:\Maven\apache-maven-3.6.3\maven-repo"/>
    <property name="java.vendor.url.bug" value="http://bugreport.sun.com/bugreport/"/>
    <property name="java.io.tmpdir" value="C:\Users\Oringinal\AppData\Local\Temp\"/>
    <property name="idea.version" value="2020.3.1"/>
    <property name="java.version" value="1.8.0_251"/>
    <property name="user.dir" value="C:\Users\Oringinal\Desktop\Web_Store_Management"/>
    <property name="os.arch" value="amd64"/>
    <property name="java.vm.specification.name" value="Java Virtual Machine Specification"/>
    <property name="java.awt.printerjob" value="sun.awt.windows.WPrinterJob"/>
    <property name="sun.os.patch.level" value=""/>
    <property name="java.library.path" value="D:\JDK1.8\jre\bin;C:\WINDOWS\Sun\Java\bin;C:\WINDOWS\system32;C:\WINDOWS;D:\My_VMware\bin\;D:\JAVA\bin;C:\Program Files (x86)\Common Files\Oracle\Java\javapath;D:\JAVA\jre\bin;C:\WINDOWS\system32;C:\WINDOWS;C:\WINDOWS\system32\wbem;D:\Program Files\MySQL\bin;D:\Program Files\MySQL\MySQL Server 5.5\bin;C:\Program Files\NVIDIA Corporation\NVIDIA NvDLISR;C:\Program Files (x86)\NVIDIA Corporation\PhysX\Common;D:\Maven\apache-maven-3.6.3\bin;C:\Program Files\Azure Data Studio\bin;C:\Program Files\dotnet\;D:\软工实验软件\common;C:\Users\Oringinal\AppData\Local\Microsoft\WindowsApps;D:\IntelliJ IDEA 2019.3\bin;C:\Users\Oringinal\AppData\Local\GitHubDesktop\bin;C:\Program Files\Azure Data Studio\bin;C:\Users\Oringinal\.dotnet\tools;D:\WebStorm\WebStorm2020\WebStorm 2020.1\bin;;."/>
    <property name="java.vm.info" value="mixed mode"/>
    <property name="java.vendor" value="Oracle Corporation"/>
    <property name="java.vm.version" value="25.251-b08"/>
    <property name="java.ext.dirs" value="D:\JDK1.8\jre\lib\ext;C:\WINDOWS\Sun\Java\lib\ext"/>
    <property name="sun.io.unicode.encoding" value="UnicodeLittle"/>
    <property name="maven.repo.local" value="D:\Maven\apache-maven-3.6.3\maven-repo"/>
    <property name="java.class.version" value="52.0"/>
  </properties>
  <testcase name="Test1" classname="org.echoiot.CommonTest" time="0.442"/>
</testsuite>